<?xml version="1.0" encoding="UTF-8"?>
<coverage generated="1645677595039" clover="3.2.0">
  <project timestamp="1645677595039" name="All files">
    <metrics statements="26" coveredstatements="19" conditionals="8" coveredconditionals="5" methods="19" coveredmethods="14" elements="53" coveredelements="38" complexity="0" loc="26" ncloc="26" packages="3" files="3" classes="3"/>
    <package name="components.UI.Buttons">
      <metrics statements="23" coveredstatements="19" conditionals="8" coveredconditionals="5" methods="18" coveredmethods="14"/>
      <file name="IconButton.vue" path="/Users/aman/Documents/Work/repos/content-set-player/src/components/UI/Buttons/IconButton.vue">
        <metrics statements="23" coveredstatements="19" conditionals="8" coveredconditionals="5" methods="18" coveredmethods="14"/>
        <line num="24" count="1" type="stmt"/>
        <line num="26" count="1" type="stmt"/>
        <line num="43" count="1" type="stmt"/>
        <line num="49" count="0" type="stmt"/>
        <line num="77" count="1" type="stmt"/>
        <line num="86" count="1" type="stmt"/>
        <line num="90" count="0" type="stmt"/>
        <line num="94" count="0" type="stmt"/>
        <line num="98" count="0" type="cond" truecount="0" falsecount="2"/>
        <line num="102" count="1" type="stmt"/>
        <line num="107" count="1" type="stmt"/>
        <line num="108" count="1" type="stmt"/>
        <line num="109" count="3" type="cond" truecount="1" falsecount="0"/>
        <line num="110" count="3" type="stmt"/>
        <line num="113" count="1" type="stmt"/>
        <line num="118" count="1" type="stmt"/>
        <line num="119" count="1" type="stmt"/>
        <line num="120" count="2" type="cond" truecount="1" falsecount="0"/>
        <line num="121" count="1" type="stmt"/>
        <line num="124" count="1" type="stmt"/>
        <line num="128" count="1" type="stmt"/>
        <line num="132" count="1" type="cond" truecount="1" falsecount="1"/>
        <line num="136" count="1" type="cond" truecount="2" falsecount="0"/>
      </file>
    </package>
    <package name="router">
      <metrics statements="3" coveredstatements="0" conditionals="0" coveredconditionals="0" methods="1" coveredmethods="0"/>
      <file name="index.js" path="/Users/aman/Documents/Work/repos/content-set-player/src/router/index.js">
        <metrics statements="3" coveredstatements="0" conditionals="0" coveredconditionals="0" methods="1" coveredmethods="0"/>
        <line num="3" count="0" type="stmt"/>
        <line num="10" count="0" type="stmt"/>
        <line num="14" count="0" type="stmt"/>
      </file>
    </package>
    <package name="store">
      <metrics statements="0" coveredstatements="0" conditionals="0" coveredconditionals="0" methods="0" coveredmethods="0"/>
      <file name="index.js" path="/Users/aman/Documents/Work/repos/content-set-player/src/store/index.js">
        <metrics statements="0" coveredstatements="0" conditionals="0" coveredconditionals="0" methods="0" coveredmethods="0"/>
      </file>
    </package>
  </project>
</coverage>
