{"/Users/aman/Documents/Work/repos/content-set-player/src/components/UI/Buttons/IconButton.vue": {"path":"/Users/aman/Documents/Work/repos/content-set-player/src/components/UI/Buttons/IconButton.vue","statementMap":{"0":{"start":{"line":24,"column":15},"end":{"line":24,"column":null}},"1":{"start":{"line":26,"column":4},"end":{"line":26,"column":11}},"2":{"start":{"line":43,"column":8},"end":{"line":43,"column":15}},"3":{"start":{"line":49,"column":8},"end":{"line":49,"column":15}},"4":{"start":{"line":77,"column":6},"end":{"line":77,"column":13}},"5":{"start":{"line":86,"column":6},"end":{"line":86,"column":13}},"6":{"start":{"line":90,"column":6},"end":{"line":90,"column":13}},"7":{"start":{"line":94,"column":6},"end":{"line":94,"column":13}},"8":{"start":{"line":98,"column":6},"end":{"line":98,"column":13}},"9":{"start":{"line":102,"column":6},"end":{"line":102,"column":13}},"10":{"start":{"line":107,"column":22},"end":{"line":107,"column":null}},"11":{"start":{"line":108,"column":6},"end":{"line":108,"column":12}},"12":{"start":{"line":109,"column":8},"end":{"line":111,"column":null}},"13":{"start":{"line":110,"column":10},"end":{"line":110,"column":19}},"14":{"start":{"line":113,"column":6},"end":{"line":113,"column":13}},"15":{"start":{"line":118,"column":22},"end":{"line":118,"column":null}},"16":{"start":{"line":119,"column":6},"end":{"line":119,"column":12}},"17":{"start":{"line":120,"column":8},"end":{"line":122,"column":null}},"18":{"start":{"line":121,"column":10},"end":{"line":121,"column":19}},"19":{"start":{"line":124,"column":6},"end":{"line":124,"column":13}},"20":{"start":{"line":128,"column":6},"end":{"line":128,"column":13}},"21":{"start":{"line":132,"column":6},"end":{"line":132,"column":13}},"22":{"start":{"line":136,"column":6},"end":{"line":136,"column":13}}},"fnMap":{"0":{"name":"(anonymous_0)","decl":{"start":{"line":25,"column":2},"end":{"line":25,"column":6}},"loc":{"start":{"line":25,"column":9},"end":{"line":37,"column":null}}},"1":{"name":"(anonymous_1)","decl":{"start":{"line":38,"column":2},"end":{"line":38,"column":9}},"loc":{"start":{"line":38,"column":12},"end":{"line":38,"column":null}}},"2":{"name":"(anonymous_2)","decl":{"start":{"line":42,"column":15},"end":{"line":42,"column":21}},"loc":{"start":{"line":42,"column":21},"end":{"line":44,"column":null}}},"3":{"name":"(anonymous_3)","decl":{"start":{"line":48,"column":15},"end":{"line":48,"column":21}},"loc":{"start":{"line":48,"column":21},"end":{"line":50,"column":null}}},"4":{"name":"(anonymous_4)","decl":{"start":{"line":54,"column":15},"end":{"line":54,"column":21}},"loc":{"start":{"line":54,"column":21},"end":{"line":54,"column":null}}},"5":{"name":"(anonymous_5)","decl":{"start":{"line":76,"column":4},"end":{"line":76,"column":28}},"loc":{"start":{"line":76,"column":31},"end":{"line":84,"column":null}}},"6":{"name":"(anonymous_6)","decl":{"start":{"line":85,"column":4},"end":{"line":85,"column":23}},"loc":{"start":{"line":85,"column":26},"end":{"line":87,"column":null}}},"7":{"name":"(anonymous_7)","decl":{"start":{"line":88,"column":4},"end":{"line":88,"column":12}},"loc":{"start":{"line":88,"column":15},"end":{"line":91,"column":null}}},"8":{"name":"(anonymous_8)","decl":{"start":{"line":92,"column":4},"end":{"line":92,"column":8}},"loc":{"start":{"line":92,"column":11},"end":{"line":95,"column":null}}},"9":{"name":"(anonymous_9)","decl":{"start":{"line":96,"column":4},"end":{"line":96,"column":13}},"loc":{"start":{"line":96,"column":16},"end":{"line":99,"column":null}}},"10":{"name":"(anonymous_10)","decl":{"start":{"line":100,"column":4},"end":{"line":100,"column":23}},"loc":{"start":{"line":100,"column":26},"end":{"line":103,"column":null}}},"11":{"name":"(anonymous_11)","decl":{"start":{"line":104,"column":4},"end":{"line":104,"column":19}},"loc":{"start":{"line":104,"column":22},"end":{"line":114,"column":null}}},"12":{"name":"(anonymous_12)","decl":{"start":{"line":108,"column":53},"end":{"line":108,"column":54}},"loc":{"start":{"line":108,"column":69},"end":{"line":112,"column":null}}},"13":{"name":"(anonymous_13)","decl":{"start":{"line":115,"column":4},"end":{"line":115,"column":20}},"loc":{"start":{"line":115,"column":23},"end":{"line":125,"column":null}}},"14":{"name":"(anonymous_14)","decl":{"start":{"line":119,"column":54},"end":{"line":119,"column":55}},"loc":{"start":{"line":119,"column":70},"end":{"line":123,"column":null}}},"15":{"name":"(anonymous_15)","decl":{"start":{"line":126,"column":4},"end":{"line":126,"column":9}},"loc":{"start":{"line":126,"column":12},"end":{"line":129,"column":null}}},"16":{"name":"(anonymous_16)","decl":{"start":{"line":130,"column":4},"end":{"line":130,"column":14}},"loc":{"start":{"line":130,"column":17},"end":{"line":133,"column":null}}},"17":{"name":"(anonymous_17)","decl":{"start":{"line":134,"column":4},"end":{"line":134,"column":16}},"loc":{"start":{"line":134,"column":19},"end":{"line":137,"column":null}}}},"branchMap":{"0":{"loc":{"start":{"line":98,"column":13},"end":{"line":98,"column":null}},"type":"binary-expr","locations":[{"start":{"line":98,"column":13},"end":{"line":98,"column":47}},{"start":{"line":98,"column":47},"end":{"line":98,"column":null}}]},"1":{"loc":{"start":{"line":109,"column":8},"end":{"line":111,"column":null}},"type":"if","locations":[{"start":{"line":109,"column":8},"end":{"line":111,"column":null}}]},"2":{"loc":{"start":{"line":120,"column":8},"end":{"line":122,"column":null}},"type":"if","locations":[{"start":{"line":120,"column":8},"end":{"line":122,"column":null}}]},"3":{"loc":{"start":{"line":132,"column":13},"end":{"line":132,"column":null}},"type":"binary-expr","locations":[{"start":{"line":132,"column":13},"end":{"line":132,"column":44}},{"start":{"line":132,"column":44},"end":{"line":132,"column":null}}]},"4":{"loc":{"start":{"line":136,"column":13},"end":{"line":136,"column":null}},"type":"binary-expr","locations":[{"start":{"line":136,"column":13},"end":{"line":136,"column":52}},{"start":{"line":136,"column":52},"end":{"line":136,"column":null}}]}},"s":{"0":1,"1":1,"2":1,"3":0,"4":1,"5":1,"6":0,"7":0,"8":0,"9":1,"10":1,"11":1,"12":3,"13":3,"14":1,"15":1,"16":1,"17":2,"18":1,"19":1,"20":1,"21":1,"22":1},"f":{"0":1,"1":1,"2":1,"3":0,"4":1,"5":1,"6":1,"7":0,"8":0,"9":0,"10":1,"11":1,"12":3,"13":1,"14":2,"15":1,"16":1,"17":1},"b":{"0":[0,0],"1":[3],"2":[1],"3":[1,0],"4":[1,1]}}
,"/Users/aman/Documents/Work/repos/content-set-player/src/router/index.js": {"path":"/Users/aman/Documents/Work/repos/content-set-player/src/router/index.js","statementMap":{"0":{"start":{"line":3,"column":15},"end":{"line":12,"column":1}},"1":{"start":{"line":10,"column":21},"end":{"line":10,"column":81}},"2":{"start":{"line":14,"column":15},"end":{"line":17,"column":2}}},"fnMap":{"0":{"name":"(anonymous_0)","decl":{"start":{"line":10,"column":15},"end":{"line":10,"column":16}},"loc":{"start":{"line":10,"column":21},"end":{"line":10,"column":81}},"line":10}},"branchMap":{},"s":{"0":0,"1":0,"2":0},"f":{"0":0},"b":{}}
,"/Users/aman/Documents/Work/repos/content-set-player/src/store/index.js": {"path":"/Users/aman/Documents/Work/repos/content-set-player/src/store/index.js","statementMap":{},"fnMap":{},"branchMap":{},"s":{},"f":{},"b":{}}
}
