TN:
SF:src/components/UI/Buttons/IconButton.vue
FN:25,(anonymous_0)
FN:38,(anonymous_1)
FN:42,(anonymous_2)
FN:48,(anonymous_3)
FN:54,(anonymous_4)
FN:76,(anonymous_5)
FN:85,(anonymous_6)
FN:88,(anonymous_7)
FN:92,(anonymous_8)
FN:96,(anonymous_9)
FN:100,(anonymous_10)
FN:104,(anonymous_11)
FN:108,(anonymous_12)
FN:115,(anonymous_13)
FN:119,(anonymous_14)
FN:126,(anonymous_15)
FN:130,(anonymous_16)
FN:134,(anonymous_17)
FNF:18
FNH:14
FNDA:1,(anonymous_0)
FNDA:1,(anonymous_1)
FNDA:1,(anonymous_2)
FNDA:0,(anonymous_3)
FNDA:1,(anonymous_4)
FNDA:1,(anonymous_5)
FNDA:1,(anonymous_6)
FNDA:0,(anonymous_7)
FNDA:0,(anonymous_8)
FNDA:0,(anonymous_9)
FNDA:1,(anonymous_10)
FNDA:1,(anonymous_11)
FNDA:3,(anonymous_12)
FNDA:1,(anonymous_13)
FNDA:2,(anonymous_14)
FNDA:1,(anonymous_15)
FNDA:1,(anonymous_16)
FNDA:1,(anonymous_17)
DA:24,1
DA:26,1
DA:43,1
DA:49,0
DA:77,1
DA:86,1
DA:90,0
DA:94,0
DA:98,0
DA:102,1
DA:107,1
DA:108,1
DA:109,3
DA:110,3
DA:113,1
DA:118,1
DA:119,1
DA:120,2
DA:121,1
DA:124,1
DA:128,1
DA:132,1
DA:136,1
LF:23
LH:19
BRDA:98,0,0,0
BRDA:98,0,1,0
BRDA:109,1,0,3
BRDA:120,2,0,1
BRDA:132,3,0,1
BRDA:132,3,1,0
BRDA:136,4,0,1
BRDA:136,4,1,1
BRF:8
BRH:5
end_of_record
TN:
SF:src/router/index.js
FN:10,(anonymous_0)
FNF:1
FNH:0
FNDA:0,(anonymous_0)
DA:3,0
DA:10,0
DA:14,0
LF:3
LH:0
BRF:0
BRH:0
end_of_record
TN:
SF:src/store/index.js
FNF:0
FNH:0
LF:0
LH:0
BRF:0
BRH:0
end_of_record
